mode: set
github.com/piotrklosek/signing-service-challenge-go/main.go:5.13,7.2 1 0
github.com/piotrklosek/signing-service-challenge-go/internal/api/middleware.go:31.111,32.54 1 0
github.com/piotrklosek/signing-service-challenge-go/internal/api/middleware.go:32.54,35.17 2 0
github.com/piotrklosek/signing-service-challenge-go/internal/api/middleware.go:35.18,37.4 0 0
github.com/piotrklosek/signing-service-challenge-go/internal/api/middleware.go:41.67,43.2 1 0
github.com/piotrklosek/signing-service-challenge-go/internal/api/middleware.go:45.47,47.2 1 0
github.com/piotrklosek/signing-service-challenge-go/internal/api/middleware.go:49.69,51.2 1 0
github.com/piotrklosek/signing-service-challenge-go/internal/api/middleware.go:53.48,55.2 1 0
github.com/piotrklosek/signing-service-challenge-go/internal/api/middleware.go:57.101,58.71 1 0
github.com/piotrklosek/signing-service-challenge-go/internal/api/middleware.go:58.71,68.17 7 0
github.com/piotrklosek/signing-service-challenge-go/internal/api/middleware.go:68.17,78.4 2 0
github.com/piotrklosek/signing-service-challenge-go/internal/api/middleware.go:86.3,92.4 1 0
github.com/piotrklosek/signing-service-challenge-go/internal/api/middleware.go:96.39,97.53 1 0
github.com/piotrklosek/signing-service-challenge-go/internal/api/middleware.go:97.53,99.3 1 0
github.com/piotrklosek/signing-service-challenge-go/internal/api/middleware.go:100.2,101.16 2 0
github.com/piotrklosek/signing-service-challenge-go/internal/api/middleware.go:101.16,103.3 1 0
github.com/piotrklosek/signing-service-challenge-go/internal/api/middleware.go:104.2,104.13 1 0
github.com/piotrklosek/signing-service-challenge-go/internal/api/middleware.go:107.28,110.19 3 0
github.com/piotrklosek/signing-service-challenge-go/internal/api/middleware.go:110.19,112.3 1 0
github.com/piotrklosek/signing-service-challenge-go/internal/api/middleware.go:113.2,113.18 1 0
github.com/piotrklosek/signing-service-challenge-go/internal/api/router.go:17.16,48.2 16 0
github.com/piotrklosek/signing-service-challenge-go/cmd/migrate.go:15.47,18.31 2 0
github.com/piotrklosek/signing-service-challenge-go/cmd/migrate.go:18.31,20.4 1 0
github.com/piotrklosek/signing-service-challenge-go/cmd/migrate.go:22.3,22.66 1 0
github.com/piotrklosek/signing-service-challenge-go/cmd/migrate.go:22.66,24.4 1 0
github.com/piotrklosek/signing-service-challenge-go/cmd/migrate.go:26.3,26.49 1 0
github.com/piotrklosek/signing-service-challenge-go/cmd/migrate.go:30.13,32.2 1 0
github.com/piotrklosek/signing-service-challenge-go/cmd/root.go:21.16,22.42 1 0
github.com/piotrklosek/signing-service-challenge-go/cmd/root.go:22.42,25.3 2 0
github.com/piotrklosek/signing-service-challenge-go/cmd/root.go:28.13,37.2 6 0
github.com/piotrklosek/signing-service-challenge-go/cmd/root.go:39.19,40.19 1 0
github.com/piotrklosek/signing-service-challenge-go/cmd/root.go:40.19,42.3 1 0
github.com/piotrklosek/signing-service-challenge-go/cmd/root.go:42.8,45.3 2 0
github.com/piotrklosek/signing-service-challenge-go/cmd/root.go:48.2,49.39 2 0
github.com/piotrklosek/signing-service-challenge-go/cmd/server.go:28.47,41.21 5 0
github.com/piotrklosek/signing-service-challenge-go/cmd/server.go:42.19,43.89 1 0
github.com/piotrklosek/signing-service-challenge-go/cmd/server.go:44.16,45.103 1 0
github.com/piotrklosek/signing-service-challenge-go/cmd/server.go:46.11,48.18 2 0
github.com/piotrklosek/signing-service-challenge-go/cmd/server.go:48.18,50.15 2 0
github.com/piotrklosek/signing-service-challenge-go/cmd/server.go:52.4,55.51 4 0
github.com/piotrklosek/signing-service-challenge-go/cmd/server.go:58.3,58.17 1 0
github.com/piotrklosek/signing-service-challenge-go/cmd/server.go:58.17,60.4 1 0
github.com/piotrklosek/signing-service-challenge-go/cmd/server.go:62.3,69.13 3 0
github.com/piotrklosek/signing-service-challenge-go/cmd/server.go:69.13,72.78 2 0
github.com/piotrklosek/signing-service-challenge-go/cmd/server.go:72.78,74.5 1 0
github.com/piotrklosek/signing-service-challenge-go/cmd/server.go:77.3,84.51 6 0
github.com/piotrklosek/signing-service-challenge-go/cmd/server.go:84.51,86.4 1 0
github.com/piotrklosek/signing-service-challenge-go/cmd/server.go:87.3,87.43 1 0
github.com/piotrklosek/signing-service-challenge-go/cmd/server.go:91.13,103.2 7 0
github.com/piotrklosek/signing-service-challenge-go/internal/api/handlers/devices.go:21.116,23.2 1 1
github.com/piotrklosek/signing-service-challenge-go/internal/api/handlers/devices.go:31.84,33.61 2 1
github.com/piotrklosek/signing-service-challenge-go/internal/api/handlers/devices.go:33.61,36.3 2 1
github.com/piotrklosek/signing-service-challenge-go/internal/api/handlers/devices.go:37.2,37.56 1 1
github.com/piotrklosek/signing-service-challenge-go/internal/api/handlers/devices.go:37.56,40.3 2 0
github.com/piotrklosek/signing-service-challenge-go/internal/api/handlers/devices.go:44.2,44.71 1 1
github.com/piotrklosek/signing-service-challenge-go/internal/api/handlers/devices.go:44.71,47.3 2 1
github.com/piotrklosek/signing-service-challenge-go/internal/api/handlers/devices.go:49.2,60.46 2 1
github.com/piotrklosek/signing-service-challenge-go/internal/api/handlers/devices.go:60.46,63.3 2 0
github.com/piotrklosek/signing-service-challenge-go/internal/api/handlers/devices.go:65.2,65.65 1 1
github.com/piotrklosek/signing-service-challenge-go/internal/api/handlers/devices.go:65.65,68.3 2 1
github.com/piotrklosek/signing-service-challenge-go/internal/api/handlers/devices.go:69.2,70.12 2 1
github.com/piotrklosek/signing-service-challenge-go/internal/api/handlers/devices.go:73.83,75.16 2 1
github.com/piotrklosek/signing-service-challenge-go/internal/api/handlers/devices.go:75.16,78.3 2 1
github.com/piotrklosek/signing-service-challenge-go/internal/api/handlers/devices.go:79.2,80.12 2 1
github.com/piotrklosek/signing-service-challenge-go/internal/api/handlers/devices.go:83.81,86.16 3 1
github.com/piotrklosek/signing-service-challenge-go/internal/api/handlers/devices.go:86.16,89.3 2 1
github.com/piotrklosek/signing-service-challenge-go/internal/api/handlers/devices.go:90.2,91.12 2 1
github.com/piotrklosek/signing-service-challenge-go/internal/api/handlers/health.go:16.40,18.2 1 0
github.com/piotrklosek/signing-service-challenge-go/internal/api/handlers/health.go:21.72,28.2 2 0
github.com/piotrklosek/signing-service-challenge-go/internal/api/handlers/signatures.go:21.132,23.2 1 0
github.com/piotrklosek/signing-service-challenge-go/internal/api/handlers/signatures.go:30.94,33.16 3 0
github.com/piotrklosek/signing-service-challenge-go/internal/api/handlers/signatures.go:33.16,36.3 2 0
github.com/piotrklosek/signing-service-challenge-go/internal/api/handlers/signatures.go:38.2,39.61 2 0
github.com/piotrklosek/signing-service-challenge-go/internal/api/handlers/signatures.go:39.61,42.3 2 0
github.com/piotrklosek/signing-service-challenge-go/internal/api/handlers/signatures.go:45.2,46.16 2 0
github.com/piotrklosek/signing-service-challenge-go/internal/api/handlers/signatures.go:46.16,49.3 2 0
github.com/piotrklosek/signing-service-challenge-go/internal/api/handlers/signatures.go:52.2,59.68 2 0
github.com/piotrklosek/signing-service-challenge-go/internal/api/handlers/signatures.go:59.68,62.3 2 0
github.com/piotrklosek/signing-service-challenge-go/internal/api/handlers/signatures.go:65.2,68.65 4 0
github.com/piotrklosek/signing-service-challenge-go/internal/api/handlers/signatures.go:68.65,71.3 2 0
github.com/piotrklosek/signing-service-challenge-go/internal/api/handlers/signatures.go:73.2,78.12 2 0
github.com/piotrklosek/signing-service-challenge-go/internal/api/handlers/signatures.go:82.89,86.16 3 0
github.com/piotrklosek/signing-service-challenge-go/internal/api/handlers/signatures.go:86.16,89.3 2 0
github.com/piotrklosek/signing-service-challenge-go/internal/api/handlers/signatures.go:90.2,91.12 2 0
github.com/piotrklosek/signing-service-challenge-go/internal/api/handlers/users.go:19.71,21.2 1 0
github.com/piotrklosek/signing-service-challenge-go/internal/api/handlers/users.go:33.80,35.61 2 0
github.com/piotrklosek/signing-service-challenge-go/internal/api/handlers/users.go:35.61,38.3 2 0
github.com/piotrklosek/signing-service-challenge-go/internal/api/handlers/users.go:39.2,39.56 1 0
github.com/piotrklosek/signing-service-challenge-go/internal/api/handlers/users.go:39.56,42.3 2 0
github.com/piotrklosek/signing-service-challenge-go/internal/api/handlers/users.go:44.2,52.61 2 0
github.com/piotrklosek/signing-service-challenge-go/internal/api/handlers/users.go:52.61,55.3 2 0
github.com/piotrklosek/signing-service-challenge-go/internal/api/handlers/users.go:57.2,58.12 2 0
github.com/piotrklosek/signing-service-challenge-go/internal/api/handlers/users.go:61.79,63.16 2 0
github.com/piotrklosek/signing-service-challenge-go/internal/api/handlers/users.go:63.16,66.3 2 0
github.com/piotrklosek/signing-service-challenge-go/internal/api/handlers/users.go:67.2,68.12 2 0
github.com/piotrklosek/signing-service-challenge-go/internal/api/handlers/users.go:71.77,74.16 3 0
github.com/piotrklosek/signing-service-challenge-go/internal/api/handlers/users.go:74.16,77.3 2 0
github.com/piotrklosek/signing-service-challenge-go/internal/api/handlers/users.go:78.2,79.12 2 0
github.com/piotrklosek/signing-service-challenge-go/internal/domain/device.go:33.48,34.21 1 1
github.com/piotrklosek/signing-service-challenge-go/internal/domain/device.go:35.20,40.17 4 1
github.com/piotrklosek/signing-service-challenge-go/internal/domain/device.go:40.17,42.4 1 0
github.com/piotrklosek/signing-service-challenge-go/internal/domain/device.go:43.3,44.17 2 1
github.com/piotrklosek/signing-service-challenge-go/internal/domain/device.go:44.17,46.4 1 0
github.com/piotrklosek/signing-service-challenge-go/internal/domain/device.go:47.3,48.22 2 1
github.com/piotrklosek/signing-service-challenge-go/internal/domain/device.go:50.20,55.17 4 1
github.com/piotrklosek/signing-service-challenge-go/internal/domain/device.go:55.17,57.4 1 0
github.com/piotrklosek/signing-service-challenge-go/internal/domain/device.go:58.3,59.17 2 1
github.com/piotrklosek/signing-service-challenge-go/internal/domain/device.go:59.17,61.4 1 0
github.com/piotrklosek/signing-service-challenge-go/internal/domain/device.go:62.3,63.22 2 1
github.com/piotrklosek/signing-service-challenge-go/internal/domain/device.go:65.10,66.69 1 1
github.com/piotrklosek/signing-service-challenge-go/internal/domain/device.go:69.2,69.12 1 1
github.com/piotrklosek/signing-service-challenge-go/internal/domain/device.go:73.69,77.2 3 1
github.com/piotrklosek/signing-service-challenge-go/internal/domain/signature.go:19.69,21.34 2 1
github.com/piotrklosek/signing-service-challenge-go/internal/domain/signature.go:21.34,24.3 1 1
github.com/piotrklosek/signing-service-challenge-go/internal/domain/signature.go:25.2,25.78 1 1
github.com/piotrklosek/signing-service-challenge-go/internal/domain/signer.go:11.102,15.26 3 1
github.com/piotrklosek/signing-service-challenge-go/internal/domain/signer.go:16.20,17.50 1 1
github.com/piotrklosek/signing-service-challenge-go/internal/domain/signer.go:18.20,19.50 1 1
github.com/piotrklosek/signing-service-challenge-go/internal/domain/signer.go:20.10,21.53 1 1
github.com/piotrklosek/signing-service-challenge-go/internal/domain/signer.go:23.2,23.16 1 1
github.com/piotrklosek/signing-service-challenge-go/internal/domain/signer.go:23.16,25.3 1 0
github.com/piotrklosek/signing-service-challenge-go/internal/domain/signer.go:27.2,28.16 2 1
github.com/piotrklosek/signing-service-challenge-go/internal/domain/signer.go:28.16,30.3 1 0
github.com/piotrklosek/signing-service-challenge-go/internal/domain/signer.go:33.2,35.35 2 1
github.com/piotrklosek/signing-service-challenge-go/internal/validation/rules.go:14.43,16.75 1 0
github.com/piotrklosek/signing-service-challenge-go/internal/validation/rules.go:16.75,19.3 2 0
github.com/piotrklosek/signing-service-challenge-go/internal/validation/validation.go:16.13,19.2 2 0
github.com/piotrklosek/signing-service-challenge-go/internal/validation/validation.go:22.42,24.2 1 0
github.com/piotrklosek/signing-service-challenge-go/internal/validation/validation.go:26.38,27.51 1 0
github.com/piotrklosek/signing-service-challenge-go/internal/validation/validation.go:27.51,29.3 1 0
github.com/piotrklosek/signing-service-challenge-go/internal/validation/validation.go:30.2,30.14 1 0
github.com/piotrklosek/signing-service-challenge-go/internal/validation/validation.go:33.58,35.55 2 0
github.com/piotrklosek/signing-service-challenge-go/internal/validation/validation.go:35.55,38.16 3 0
github.com/piotrklosek/signing-service-challenge-go/internal/validation/validation.go:38.16,40.4 1 0
github.com/piotrklosek/signing-service-challenge-go/internal/validation/validation.go:41.3,44.4 1 0
github.com/piotrklosek/signing-service-challenge-go/internal/validation/validation.go:46.2,46.17 1 0
github.com/piotrklosek/signing-service-challenge-go/internal/config/config.go:26.20,40.46 8 0
github.com/piotrklosek/signing-service-challenge-go/internal/config/config.go:40.46,42.3 1 0
github.com/piotrklosek/signing-service-challenge-go/internal/config/config.go:44.2,44.12 1 0
github.com/piotrklosek/signing-service-challenge-go/internal/persistence/postgres/device_repo.go:14.44,16.2 1 0
github.com/piotrklosek/signing-service-challenge-go/internal/persistence/postgres/device_repo.go:18.83,28.2 2 0
github.com/piotrklosek/signing-service-challenge-go/internal/persistence/postgres/device_repo.go:30.95,40.16 3 0
github.com/piotrklosek/signing-service-challenge-go/internal/persistence/postgres/device_repo.go:40.16,42.3 1 0
github.com/piotrklosek/signing-service-challenge-go/internal/persistence/postgres/device_repo.go:43.2,43.16 1 0
github.com/piotrklosek/signing-service-challenge-go/internal/persistence/postgres/device_repo.go:46.83,51.16 2 0
github.com/piotrklosek/signing-service-challenge-go/internal/persistence/postgres/device_repo.go:51.16,53.3 1 0
github.com/piotrklosek/signing-service-challenge-go/internal/persistence/postgres/device_repo.go:54.2,57.18 3 0
github.com/piotrklosek/signing-service-challenge-go/internal/persistence/postgres/device_repo.go:57.18,62.17 2 0
github.com/piotrklosek/signing-service-challenge-go/internal/persistence/postgres/device_repo.go:62.17,64.4 1 0
github.com/piotrklosek/signing-service-challenge-go/internal/persistence/postgres/device_repo.go:65.3,65.32 1 0
github.com/piotrklosek/signing-service-challenge-go/internal/persistence/postgres/device_repo.go:67.2,67.21 1 0
github.com/piotrklosek/signing-service-challenge-go/internal/persistence/postgres/device_repo.go:70.83,80.2 2 0
github.com/piotrklosek/signing-service-challenge-go/internal/persistence/postgres/postgres.go:18.51,20.16 2 0
github.com/piotrklosek/signing-service-challenge-go/internal/persistence/postgres/postgres.go:20.16,22.3 1 0
github.com/piotrklosek/signing-service-challenge-go/internal/persistence/postgres/postgres.go:24.2,24.34 1 0
github.com/piotrklosek/signing-service-challenge-go/internal/persistence/postgres/postgres.go:24.34,26.3 1 0
github.com/piotrklosek/signing-service-challenge-go/internal/persistence/postgres/postgres.go:28.2,28.36 1 0
github.com/piotrklosek/signing-service-challenge-go/internal/persistence/postgres/postgres.go:32.39,34.2 1 0
github.com/piotrklosek/signing-service-challenge-go/internal/persistence/postgres/postgres.go:42.3,44.16 2 0
github.com/piotrklosek/signing-service-challenge-go/internal/persistence/postgres/postgres.go:44.16,46.3 1 0
github.com/piotrklosek/signing-service-challenge-go/internal/persistence/postgres/postgres.go:48.2,52.49 4 0
github.com/piotrklosek/signing-service-challenge-go/internal/persistence/postgres/postgres.go:57.38,59.16 2 0
github.com/piotrklosek/signing-service-challenge-go/internal/persistence/postgres/postgres.go:59.16,61.3 1 0
github.com/piotrklosek/signing-service-challenge-go/internal/persistence/postgres/postgres.go:62.2,95.28 3 0
github.com/piotrklosek/signing-service-challenge-go/internal/persistence/postgres/postgres.go:95.28,96.68 1 0
github.com/piotrklosek/signing-service-challenge-go/internal/persistence/postgres/postgres.go:96.68,98.4 1 0
github.com/piotrklosek/signing-service-challenge-go/internal/persistence/postgres/postgres.go:101.2,101.12 1 0
github.com/piotrklosek/signing-service-challenge-go/internal/persistence/postgres/signature_repo.go:15.50,17.2 1 0
github.com/piotrklosek/signing-service-challenge-go/internal/persistence/postgres/signature_repo.go:20.86,27.2 2 0
github.com/piotrklosek/signing-service-challenge-go/internal/persistence/postgres/signature_repo.go:30.111,34.16 2 0
github.com/piotrklosek/signing-service-challenge-go/internal/persistence/postgres/signature_repo.go:34.16,36.3 1 0
github.com/piotrklosek/signing-service-challenge-go/internal/persistence/postgres/signature_repo.go:37.2,40.18 3 0
github.com/piotrklosek/signing-service-challenge-go/internal/persistence/postgres/signature_repo.go:40.18,42.98 2 0
github.com/piotrklosek/signing-service-challenge-go/internal/persistence/postgres/signature_repo.go:42.98,44.4 1 0
github.com/piotrklosek/signing-service-challenge-go/internal/persistence/postgres/signature_repo.go:45.3,45.32 1 0
github.com/piotrklosek/signing-service-challenge-go/internal/persistence/postgres/signature_repo.go:47.2,47.21 1 0
github.com/piotrklosek/signing-service-challenge-go/internal/persistence/postgres/user_repo.go:15.40,17.2 1 0
github.com/piotrklosek/signing-service-challenge-go/internal/persistence/postgres/user_repo.go:20.70,27.2 2 0
github.com/piotrklosek/signing-service-challenge-go/internal/persistence/postgres/user_repo.go:30.82,34.87 3 0
github.com/piotrklosek/signing-service-challenge-go/internal/persistence/postgres/user_repo.go:34.87,36.3 1 0
github.com/piotrklosek/signing-service-challenge-go/internal/persistence/postgres/user_repo.go:37.2,37.16 1 0
github.com/piotrklosek/signing-service-challenge-go/internal/persistence/postgres/user_repo.go:41.88,45.87 3 0
github.com/piotrklosek/signing-service-challenge-go/internal/persistence/postgres/user_repo.go:45.87,47.3 1 0
github.com/piotrklosek/signing-service-challenge-go/internal/persistence/postgres/user_repo.go:48.2,48.16 1 0
github.com/piotrklosek/signing-service-challenge-go/internal/persistence/postgres/user_repo.go:52.70,55.16 2 0
github.com/piotrklosek/signing-service-challenge-go/internal/persistence/postgres/user_repo.go:55.16,57.3 1 0
github.com/piotrklosek/signing-service-challenge-go/internal/persistence/postgres/user_repo.go:58.2,61.18 3 0
github.com/piotrklosek/signing-service-challenge-go/internal/persistence/postgres/user_repo.go:61.18,63.89 2 0
github.com/piotrklosek/signing-service-challenge-go/internal/persistence/postgres/user_repo.go:63.89,65.4 1 0
github.com/piotrklosek/signing-service-challenge-go/internal/persistence/postgres/user_repo.go:66.3,66.28 1 0
github.com/piotrklosek/signing-service-challenge-go/internal/persistence/postgres/user_repo.go:68.2,68.19 1 0
github.com/piotrklosek/signing-service-challenge-go/internal/persistence/inmemory/device_repo.go:16.34,18.2 1 0
github.com/piotrklosek/signing-service-challenge-go/internal/persistence/inmemory/device_repo.go:20.83,23.45 3 0
github.com/piotrklosek/signing-service-challenge-go/internal/persistence/inmemory/device_repo.go:23.45,25.3 1 0
github.com/piotrklosek/signing-service-challenge-go/internal/persistence/inmemory/device_repo.go:26.2,27.12 2 0
github.com/piotrklosek/signing-service-challenge-go/internal/persistence/inmemory/device_repo.go:30.95,34.9 4 0
github.com/piotrklosek/signing-service-challenge-go/internal/persistence/inmemory/device_repo.go:34.9,36.3 1 0
github.com/piotrklosek/signing-service-challenge-go/internal/persistence/inmemory/device_repo.go:37.2,37.15 1 0
github.com/piotrklosek/signing-service-challenge-go/internal/persistence/inmemory/device_repo.go:40.83,44.33 4 0
github.com/piotrklosek/signing-service-challenge-go/internal/persistence/inmemory/device_repo.go:44.33,46.3 1 0
github.com/piotrklosek/signing-service-challenge-go/internal/persistence/inmemory/device_repo.go:47.2,47.18 1 0
github.com/piotrklosek/signing-service-challenge-go/internal/persistence/inmemory/device_repo.go:50.83,53.38 3 0
github.com/piotrklosek/signing-service-challenge-go/internal/persistence/inmemory/device_repo.go:53.38,55.3 1 0
github.com/piotrklosek/signing-service-challenge-go/internal/persistence/inmemory/device_repo.go:56.2,57.12 2 0
github.com/piotrklosek/signing-service-challenge-go/internal/persistence/inmemory/inmemory.go:24.58,32.18 2 0
github.com/piotrklosek/signing-service-challenge-go/internal/persistence/inmemory/inmemory.go:32.18,33.73 1 0
github.com/piotrklosek/signing-service-challenge-go/internal/persistence/inmemory/inmemory.go:33.73,35.4 1 0
github.com/piotrklosek/signing-service-challenge-go/internal/persistence/inmemory/inmemory.go:38.2,38.19 1 0
github.com/piotrklosek/signing-service-challenge-go/internal/persistence/inmemory/inmemory.go:42.36,57.16 5 0
github.com/piotrklosek/signing-service-challenge-go/internal/persistence/inmemory/inmemory.go:57.16,59.3 1 0
github.com/piotrklosek/signing-service-challenge-go/internal/persistence/inmemory/inmemory.go:61.2,61.43 1 0
github.com/piotrklosek/signing-service-challenge-go/internal/persistence/inmemory/inmemory.go:65.36,70.16 4 0
github.com/piotrklosek/signing-service-challenge-go/internal/persistence/inmemory/inmemory.go:70.16,72.3 1 0
github.com/piotrklosek/signing-service-challenge-go/internal/persistence/inmemory/inmemory.go:74.2,79.52 2 0
github.com/piotrklosek/signing-service-challenge-go/internal/persistence/inmemory/inmemory.go:79.52,81.3 1 0
github.com/piotrklosek/signing-service-challenge-go/internal/persistence/inmemory/inmemory.go:83.2,87.12 4 0
github.com/piotrklosek/signing-service-challenge-go/internal/persistence/inmemory/inmemory.go:91.59,94.2 2 0
github.com/piotrklosek/signing-service-challenge-go/internal/persistence/inmemory/signature_repo.go:16.40,18.2 1 0
github.com/piotrklosek/signing-service-challenge-go/internal/persistence/inmemory/signature_repo.go:20.86,23.22 3 0
github.com/piotrklosek/signing-service-challenge-go/internal/persistence/inmemory/signature_repo.go:23.22,25.3 1 0
github.com/piotrklosek/signing-service-challenge-go/internal/persistence/inmemory/signature_repo.go:26.2,27.12 2 0
github.com/piotrklosek/signing-service-challenge-go/internal/persistence/inmemory/signature_repo.go:30.111,34.2 3 0
github.com/piotrklosek/signing-service-challenge-go/internal/persistence/inmemory/user_repo.go:16.30,18.2 1 0
github.com/piotrklosek/signing-service-challenge-go/internal/persistence/inmemory/user_repo.go:20.70,23.43 3 0
github.com/piotrklosek/signing-service-challenge-go/internal/persistence/inmemory/user_repo.go:23.43,25.3 1 0
github.com/piotrklosek/signing-service-challenge-go/internal/persistence/inmemory/user_repo.go:26.2,27.12 2 0
github.com/piotrklosek/signing-service-challenge-go/internal/persistence/inmemory/user_repo.go:30.82,34.9 4 0
github.com/piotrklosek/signing-service-challenge-go/internal/persistence/inmemory/user_repo.go:34.9,36.3 1 0
github.com/piotrklosek/signing-service-challenge-go/internal/persistence/inmemory/user_repo.go:37.2,37.15 1 0
github.com/piotrklosek/signing-service-challenge-go/internal/persistence/inmemory/user_repo.go:40.88,43.31 3 0
github.com/piotrklosek/signing-service-challenge-go/internal/persistence/inmemory/user_repo.go:43.31,44.23 1 0
github.com/piotrklosek/signing-service-challenge-go/internal/persistence/inmemory/user_repo.go:44.23,46.4 1 0
github.com/piotrklosek/signing-service-challenge-go/internal/persistence/inmemory/user_repo.go:48.2,48.42 1 0
github.com/piotrklosek/signing-service-challenge-go/internal/persistence/inmemory/user_repo.go:51.70,55.31 4 0
github.com/piotrklosek/signing-service-challenge-go/internal/persistence/inmemory/user_repo.go:55.31,57.3 1 0
github.com/piotrklosek/signing-service-challenge-go/internal/persistence/inmemory/user_repo.go:58.2,58.18 1 0
github.com/piotrklosek/signing-service-challenge-go/internal/utils/logger/logger.go:10.49,29.2 10 0
github.com/piotrklosek/signing-service-challenge-go/internal/persistence/mongo/device_repo.go:17.81,27.45 4 0
github.com/piotrklosek/signing-service-challenge-go/internal/persistence/mongo/device_repo.go:27.45,29.3 1 0
github.com/piotrklosek/signing-service-challenge-go/internal/persistence/mongo/device_repo.go:30.2,33.8 1 0
github.com/piotrklosek/signing-service-challenge-go/internal/persistence/mongo/device_repo.go:36.83,37.23 1 0
github.com/piotrklosek/signing-service-challenge-go/internal/persistence/mongo/device_repo.go:39.95,40.23 1 0
github.com/piotrklosek/signing-service-challenge-go/internal/persistence/mongo/device_repo.go:42.83,43.23 1 0
github.com/piotrklosek/signing-service-challenge-go/internal/persistence/mongo/device_repo.go:45.83,46.23 1 0
github.com/piotrklosek/signing-service-challenge-go/internal/persistence/mongo/mongo.go:14.50,16.16 2 0
github.com/piotrklosek/signing-service-challenge-go/internal/persistence/mongo/mongo.go:16.16,18.3 1 0
github.com/piotrklosek/signing-service-challenge-go/internal/persistence/mongo/mongo.go:20.2,20.39 1 0
github.com/piotrklosek/signing-service-challenge-go/internal/persistence/mongo/mongo.go:20.39,22.3 1 0
github.com/piotrklosek/signing-service-challenge-go/internal/persistence/mongo/mongo.go:24.2,26.8 1 0
github.com/piotrklosek/signing-service-challenge-go/internal/persistence/mongo/mongo.go:29.36,31.2 1 0
github.com/piotrklosek/signing-service-challenge-go/internal/persistence/mongo/mongo.go:37.9,40.16 2 0
github.com/piotrklosek/signing-service-challenge-go/internal/persistence/mongo/mongo.go:40.16,42.3 1 0
github.com/piotrklosek/signing-service-challenge-go/internal/persistence/mongo/mongo.go:44.2,45.16 2 0
github.com/piotrklosek/signing-service-challenge-go/internal/persistence/mongo/mongo.go:45.16,47.3 1 0
github.com/piotrklosek/signing-service-challenge-go/internal/persistence/mongo/mongo.go:49.2,50.16 2 0
github.com/piotrklosek/signing-service-challenge-go/internal/persistence/mongo/mongo.go:50.16,52.3 1 0
github.com/piotrklosek/signing-service-challenge-go/internal/persistence/mongo/mongo.go:54.2,55.16 2 0
github.com/piotrklosek/signing-service-challenge-go/internal/persistence/mongo/mongo.go:55.16,57.3 1 0
github.com/piotrklosek/signing-service-challenge-go/internal/persistence/mongo/mongo.go:59.2,59.37 1 0
github.com/piotrklosek/signing-service-challenge-go/internal/persistence/mongo/signature_repo.go:17.87,27.45 4 0
github.com/piotrklosek/signing-service-challenge-go/internal/persistence/mongo/signature_repo.go:27.45,29.3 1 0
github.com/piotrklosek/signing-service-challenge-go/internal/persistence/mongo/signature_repo.go:30.2,33.8 1 0
github.com/piotrklosek/signing-service-challenge-go/internal/persistence/mongo/signature_repo.go:36.86,37.23 1 0
github.com/piotrklosek/signing-service-challenge-go/internal/persistence/mongo/signature_repo.go:40.111,41.23 1 0
github.com/piotrklosek/signing-service-challenge-go/internal/persistence/mongo/user_repo.go:17.77,27.45 4 0
github.com/piotrklosek/signing-service-challenge-go/internal/persistence/mongo/user_repo.go:27.45,29.3 1 0
github.com/piotrklosek/signing-service-challenge-go/internal/persistence/mongo/user_repo.go:30.2,33.8 1 0
github.com/piotrklosek/signing-service-challenge-go/internal/persistence/mongo/user_repo.go:36.70,37.23 1 0
github.com/piotrklosek/signing-service-challenge-go/internal/persistence/mongo/user_repo.go:40.82,41.23 1 0
github.com/piotrklosek/signing-service-challenge-go/internal/persistence/mongo/user_repo.go:44.88,45.23 1 0
github.com/piotrklosek/signing-service-challenge-go/internal/persistence/mongo/user_repo.go:48.70,49.23 1 0
github.com/piotrklosek/signing-service-challenge-go/mocks/database/mock_devices_repo.go:18.87,19.23 1 0
github.com/piotrklosek/signing-service-challenge-go/mocks/database/mock_devices_repo.go:19.23,21.3 1 0
github.com/piotrklosek/signing-service-challenge-go/mocks/database/mock_devices_repo.go:22.2,22.12 1 0
github.com/piotrklosek/signing-service-challenge-go/mocks/database/mock_devices_repo.go:26.99,27.24 1 0
github.com/piotrklosek/signing-service-challenge-go/mocks/database/mock_devices_repo.go:27.24,29.3 1 0
github.com/piotrklosek/signing-service-challenge-go/mocks/database/mock_devices_repo.go:30.2,30.17 1 0
github.com/piotrklosek/signing-service-challenge-go/mocks/database/mock_devices_repo.go:34.87,35.21 1 0
github.com/piotrklosek/signing-service-challenge-go/mocks/database/mock_devices_repo.go:35.21,37.3 1 0
github.com/piotrklosek/signing-service-challenge-go/mocks/database/mock_devices_repo.go:38.2,38.41 1 0
github.com/piotrklosek/signing-service-challenge-go/mocks/database/mock_devices_repo.go:42.87,43.23 1 0
github.com/piotrklosek/signing-service-challenge-go/mocks/database/mock_devices_repo.go:43.23,45.3 1 0
github.com/piotrklosek/signing-service-challenge-go/mocks/database/mock_devices_repo.go:46.2,46.12 1 0
github.com/piotrklosek/signing-service-challenge-go/mocks/database/mock_signature_repo.go:16.90,17.23 1 0
github.com/piotrklosek/signing-service-challenge-go/mocks/database/mock_signature_repo.go:17.23,19.3 1 0
github.com/piotrklosek/signing-service-challenge-go/mocks/database/mock_signature_repo.go:20.2,20.12 1 0
github.com/piotrklosek/signing-service-challenge-go/mocks/database/mock_signature_repo.go:24.115,25.29 1 0
github.com/piotrklosek/signing-service-challenge-go/mocks/database/mock_signature_repo.go:25.29,27.3 1 0
github.com/piotrklosek/signing-service-challenge-go/mocks/database/mock_signature_repo.go:28.2,28.41 1 0
github.com/piotrklosek/signing-service-challenge-go/mocks/database/mock_user_repo.go:18.74,19.23 1 0
github.com/piotrklosek/signing-service-challenge-go/mocks/database/mock_user_repo.go:19.23,21.3 1 0
github.com/piotrklosek/signing-service-challenge-go/mocks/database/mock_user_repo.go:22.2,22.12 1 0
github.com/piotrklosek/signing-service-challenge-go/mocks/database/mock_user_repo.go:26.86,27.24 1 0
github.com/piotrklosek/signing-service-challenge-go/mocks/database/mock_user_repo.go:27.24,29.3 1 0
github.com/piotrklosek/signing-service-challenge-go/mocks/database/mock_user_repo.go:30.2,30.17 1 0
github.com/piotrklosek/signing-service-challenge-go/mocks/database/mock_user_repo.go:34.92,35.27 1 0
github.com/piotrklosek/signing-service-challenge-go/mocks/database/mock_user_repo.go:35.27,37.3 1 0
github.com/piotrklosek/signing-service-challenge-go/mocks/database/mock_user_repo.go:38.2,38.17 1 0
github.com/piotrklosek/signing-service-challenge-go/mocks/database/mock_user_repo.go:42.74,43.21 1 0
github.com/piotrklosek/signing-service-challenge-go/mocks/database/mock_user_repo.go:43.21,45.3 1 0
github.com/piotrklosek/signing-service-challenge-go/mocks/database/mock_user_repo.go:46.2,46.30 1 0
github.com/piotrklosek/signing-service-challenge-go/internal/utils/crypto/ecdsa.go:19.37,21.2 1 0
github.com/piotrklosek/signing-service-challenge-go/internal/utils/crypto/ecdsa.go:25.74,27.16 2 0
github.com/piotrklosek/signing-service-challenge-go/internal/utils/crypto/ecdsa.go:27.16,29.3 1 0
github.com/piotrklosek/signing-service-challenge-go/internal/utils/crypto/ecdsa.go:31.2,32.16 2 0
github.com/piotrklosek/signing-service-challenge-go/internal/utils/crypto/ecdsa.go:32.16,34.3 1 0
github.com/piotrklosek/signing-service-challenge-go/internal/utils/crypto/ecdsa.go:36.2,46.43 3 0
github.com/piotrklosek/signing-service-challenge-go/internal/utils/crypto/ecdsa.go:50.75,53.16 3 0
github.com/piotrklosek/signing-service-challenge-go/internal/utils/crypto/ecdsa.go:53.16,55.3 1 0
github.com/piotrklosek/signing-service-challenge-go/internal/utils/crypto/ecdsa.go:57.2,60.8 1 0
github.com/piotrklosek/signing-service-challenge-go/internal/utils/crypto/generation.go:14.56,17.16 2 0
github.com/piotrklosek/signing-service-challenge-go/internal/utils/crypto/generation.go:17.16,19.3 1 0
github.com/piotrklosek/signing-service-challenge-go/internal/utils/crypto/generation.go:21.2,24.8 1 0
github.com/piotrklosek/signing-service-challenge-go/internal/utils/crypto/generation.go:31.56,34.16 2 0
github.com/piotrklosek/signing-service-challenge-go/internal/utils/crypto/generation.go:34.16,36.3 1 0
github.com/piotrklosek/signing-service-challenge-go/internal/utils/crypto/generation.go:38.2,41.8 1 0
github.com/piotrklosek/signing-service-challenge-go/internal/utils/crypto/rsa.go:19.37,21.2 1 0
github.com/piotrklosek/signing-service-challenge-go/internal/utils/crypto/rsa.go:25.76,40.2 5 0
github.com/piotrklosek/signing-service-challenge-go/internal/utils/crypto/rsa.go:43.79,46.16 3 0
github.com/piotrklosek/signing-service-challenge-go/internal/utils/crypto/rsa.go:46.16,48.3 1 0
github.com/piotrklosek/signing-service-challenge-go/internal/utils/crypto/rsa.go:50.2,53.8 1 0
github.com/piotrklosek/signing-service-challenge-go/internal/utils/crypto/signer.go:21.58,24.16 3 0
github.com/piotrklosek/signing-service-challenge-go/internal/utils/crypto/signer.go:24.16,26.3 1 0
github.com/piotrklosek/signing-service-challenge-go/internal/utils/crypto/signer.go:27.2,27.53 1 0
github.com/piotrklosek/signing-service-challenge-go/internal/utils/crypto/signer.go:31.65,34.2 2 0
github.com/piotrklosek/signing-service-challenge-go/internal/utils/crypto/signer.go:42.58,45.16 3 0
github.com/piotrklosek/signing-service-challenge-go/internal/utils/crypto/signer.go:45.16,47.3 1 0
github.com/piotrklosek/signing-service-challenge-go/internal/utils/crypto/signer.go:48.2,48.53 1 0
github.com/piotrklosek/signing-service-challenge-go/internal/utils/crypto/signer.go:52.65,56.16 3 0
github.com/piotrklosek/signing-service-challenge-go/internal/utils/crypto/signer.go:56.16,58.3 1 0
github.com/piotrklosek/signing-service-challenge-go/internal/utils/crypto/signer.go:60.2,61.23 2 0
github.com/piotrklosek/signing-service-challenge-go/internal/utils/jsonw/jsonw.go:24.39,26.2 1 0
github.com/piotrklosek/signing-service-challenge-go/internal/utils/jsonw/jsonw.go:32.36,34.2 1 0
github.com/piotrklosek/signing-service-challenge-go/internal/utils/jsonw/jsonw.go:46.37,48.2 1 0
github.com/piotrklosek/signing-service-challenge-go/internal/utils/jsonw/jsonw.go:51.65,58.2 2 0
github.com/piotrklosek/signing-service-challenge-go/internal/utils/jsonw/jsonw.go:61.52,67.2 2 0
github.com/piotrklosek/signing-service-challenge-go/internal/utils/jsonw/jsonw.go:71.62,79.2 2 0
github.com/piotrklosek/signing-service-challenge-go/internal/utils/jsonw/jsonw.go:83.84,91.2 2 0
github.com/piotrklosek/signing-service-challenge-go/internal/utils/jsonw/jsonw.go:94.56,96.55 2 0
github.com/piotrklosek/signing-service-challenge-go/internal/utils/jsonw/jsonw.go:96.55,101.3 4 0
github.com/piotrklosek/signing-service-challenge-go/internal/utils/jsonw/jsonw.go:103.2,106.16 4 0
